This is pdfTeX, Version 3.14159265-2.6-1.40.21 (TeX Live 2020) (preloaded format=pdflatex 2020.8.27)  20 JUL 2021 11:45
entering extended mode
 restricted \write18 enabled.
 %&-line parsing enabled.
**LECTURE14.tex
(./LECTURE14.tex
LaTeX2e <2020-02-02> patch level 5
L3 programming layer <2020-08-07> (/Users/raymondtremblay/Library/TinyTeX/texmf
-dist/tex/latex/base/article.cls
Document Class: article 2019/12/20 v1.4l Standard LaTeX document class
(/Users/raymondtremblay/Library/TinyTeX/texmf-dist/tex/latex/base/size10.clo
File: size10.clo 2019/12/20 v1.4l Standard LaTeX file (size option)
)
\c@part=\count168
\c@section=\count169
\c@subsection=\count170
\c@subsubsection=\count171
\c@paragraph=\count172
\c@subparagraph=\count173
\c@figure=\count174
\c@table=\count175
\abovecaptionskip=\skip47
\belowcaptionskip=\skip48
\bibindent=\dimen134
)
(/Users/raymondtremblay/Library/TinyTeX/texmf-dist/tex/latex/amsmath/amsmath.st
y
Package: amsmath 2020/01/20 v2.17e AMS math features
\@mathmargin=\skip49
For additional information on amsmath, use the `?' option.

(/Users/raymondtremblay/Library/TinyTeX/texmf-dist/tex/latex/amsmath/amstext.st
y
Package: amstext 2000/06/29 v2.01 AMS text

(/Users/raymondtremblay/Library/TinyTeX/texmf-dist/tex/latex/amsmath/amsgen.sty
File: amsgen.sty 1999/11/30 v2.0 generic functions
\@emptytoks=\toks15
\ex@=\dimen135
))
(/Users/raymondtremblay/Library/TinyTeX/texmf-dist/tex/latex/amsmath/amsbsy.sty
Package: amsbsy 1999/11/29 v1.2d Bold Symbols
\pmbraise@=\dimen136
)
(/Users/raymondtremblay/Library/TinyTeX/texmf-dist/tex/latex/amsmath/amsopn.sty
Package: amsopn 2016/03/08 v2.02 operator names
)
\inf@bad=\count176
LaTeX Info: Redefining \frac on input line 227.
\uproot@=\count177
\leftroot@=\count178
LaTeX Info: Redefining \overline on input line 389.
\classnum@=\count179
\DOTSCASE@=\count180
LaTeX Info: Redefining \ldots on input line 486.
LaTeX Info: Redefining \dots on input line 489.
LaTeX Info: Redefining \cdots on input line 610.
\Mathstrutbox@=\box45
\strutbox@=\box46
\big@size=\dimen137
LaTeX Font Info:    Redeclaring font encoding OML on input line 733.
LaTeX Font Info:    Redeclaring font encoding OMS on input line 734.
\macc@depth=\count181
\c@MaxMatrixCols=\count182
\dotsspace@=\muskip16
\c@parentequation=\count183
\dspbrk@lvl=\count184
\tag@help=\toks16
\row@=\count185
\column@=\count186
\maxfields@=\count187
\andhelp@=\toks17
\eqnshift@=\dimen138
\alignsep@=\dimen139
\tagshift@=\dimen140
\tagwidth@=\dimen141
\totwidth@=\dimen142
\lineht@=\dimen143
\@envbody=\toks18
\multlinegap=\skip50
\multlinetaggap=\skip51
\mathdisplay@stack=\toks19
LaTeX Info: Redefining \[ on input line 2859.
LaTeX Info: Redefining \] on input line 2860.
)
(/Users/raymondtremblay/Library/TinyTeX/texmf-dist/tex/latex/amsfonts/amssymb.s
ty
Package: amssymb 2013/01/14 v3.01 AMS font symbols

(/Users/raymondtremblay/Library/TinyTeX/texmf-dist/tex/latex/amsfonts/amsfonts.
sty
Package: amsfonts 2013/01/14 v3.01 Basic AMSFonts support
\symAMSa=\mathgroup4
\symAMSb=\mathgroup5
LaTeX Font Info:    Redeclaring math symbol \hbar on input line 98.
LaTeX Font Info:    Overwriting math alphabet `\mathfrak' in version `bold'
(Font)                  U/euf/m/n --> U/euf/b/n on input line 106.
)) (/Users/raymondtremblay/Library/TinyTeX/texmf-dist/tex/latex/lm/lmodern.sty
Package: lmodern 2009/10/30 v1.6 Latin Modern Fonts
LaTeX Font Info:    Overwriting symbol font `operators' in version `normal'
(Font)                  OT1/cmr/m/n --> OT1/lmr/m/n on input line 22.
LaTeX Font Info:    Overwriting symbol font `letters' in version `normal'
(Font)                  OML/cmm/m/it --> OML/lmm/m/it on input line 23.
LaTeX Font Info:    Overwriting symbol font `symbols' in version `normal'
(Font)                  OMS/cmsy/m/n --> OMS/lmsy/m/n on input line 24.
LaTeX Font Info:    Overwriting symbol font `largesymbols' in version `normal'
(Font)                  OMX/cmex/m/n --> OMX/lmex/m/n on input line 25.
LaTeX Font Info:    Overwriting symbol font `operators' in version `bold'
(Font)                  OT1/cmr/bx/n --> OT1/lmr/bx/n on input line 26.
LaTeX Font Info:    Overwriting symbol font `letters' in version `bold'
(Font)                  OML/cmm/b/it --> OML/lmm/b/it on input line 27.
LaTeX Font Info:    Overwriting symbol font `symbols' in version `bold'
(Font)                  OMS/cmsy/b/n --> OMS/lmsy/b/n on input line 28.
LaTeX Font Info:    Overwriting symbol font `largesymbols' in version `bold'
(Font)                  OMX/cmex/m/n --> OMX/lmex/m/n on input line 29.
LaTeX Font Info:    Overwriting math alphabet `\mathbf' in version `normal'
(Font)                  OT1/cmr/bx/n --> OT1/lmr/bx/n on input line 31.
LaTeX Font Info:    Overwriting math alphabet `\mathsf' in version `normal'
(Font)                  OT1/cmss/m/n --> OT1/lmss/m/n on input line 32.
LaTeX Font Info:    Overwriting math alphabet `\mathit' in version `normal'
(Font)                  OT1/cmr/m/it --> OT1/lmr/m/it on input line 33.
LaTeX Font Info:    Overwriting math alphabet `\mathtt' in version `normal'
(Font)                  OT1/cmtt/m/n --> OT1/lmtt/m/n on input line 34.
LaTeX Font Info:    Overwriting math alphabet `\mathbf' in version `bold'
(Font)                  OT1/cmr/bx/n --> OT1/lmr/bx/n on input line 35.
LaTeX Font Info:    Overwriting math alphabet `\mathsf' in version `bold'
(Font)                  OT1/cmss/bx/n --> OT1/lmss/bx/n on input line 36.
LaTeX Font Info:    Overwriting math alphabet `\mathit' in version `bold'
(Font)                  OT1/cmr/bx/it --> OT1/lmr/bx/it on input line 37.
LaTeX Font Info:    Overwriting math alphabet `\mathtt' in version `bold'
(Font)                  OT1/cmtt/m/n --> OT1/lmtt/m/n on input line 38.
)
(/Users/raymondtremblay/Library/TinyTeX/texmf-dist/tex/generic/iftex/ifxetex.st
y
Package: ifxetex 2019/10/25 v0.7 ifxetex legacy package. Use iftex instead.
(/Users/raymondtremblay/Library/TinyTeX/texmf-dist/tex/generic/iftex/iftex.sty
Package: iftex 2020/03/06 v1.0d TeX engine tests
))
(/Users/raymondtremblay/Library/TinyTeX/texmf-dist/tex/generic/iftex/ifluatex.s
ty
Package: ifluatex 2019/10/25 v1.5 ifluatex legacy package. Use iftex instead.
) (/Users/raymondtremblay/Library/TinyTeX/texmf-dist/tex/latex/base/fontenc.sty
Package: fontenc 2020/02/11 v2.0o Standard LaTeX package
LaTeX Font Info:    Trying to load font information for T1+lmr on input line 11
2.
(/Users/raymondtremblay/Library/TinyTeX/texmf-dist/tex/latex/lm/t1lmr.fd
File: t1lmr.fd 2009/10/30 v1.6 Font defs for Latin Modern
)) (/Users/raymondtremblay/Library/TinyTeX/texmf-dist/tex/latex/base/inputenc.s
ty
Package: inputenc 2018/08/11 v1.3c Input encoding file
\inpenc@prehook=\toks20
\inpenc@posthook=\toks21
) (/Users/raymondtremblay/Library/TinyTeX/texmf-dist/tex/latex/base/textcomp.st
y
Package: textcomp 2020/02/02 v2.0n Standard LaTeX package
)
(/Users/raymondtremblay/Library/TinyTeX/texmf-dist/tex/latex/upquote/upquote.st
y
Package: upquote 2012/04/19 v1.3 upright-quote and grave-accent glyphs in verba
tim
) (/Users/raymondtremblay/Library/TinyTeX/texmf-dist/tex/latex/xcolor/xcolor.st
y
Package: xcolor 2016/05/11 v2.12 LaTeX color extensions (UK)

(/Users/raymondtremblay/Library/TinyTeX/texmf-dist/tex/latex/graphics-cfg/color
.cfg
File: color.cfg 2016/01/02 v1.6 sample color configuration
)
Package xcolor Info: Driver file: pdftex.def on input line 225.

(/Users/raymondtremblay/Library/TinyTeX/texmf-dist/tex/latex/graphics-def/pdfte
x.def
File: pdftex.def 2018/01/08 v1.0l Graphics/color driver for pdftex
)
Package xcolor Info: Model `cmy' substituted by `cmy0' on input line 1348.
Package xcolor Info: Model `hsb' substituted by `rgb' on input line 1352.
Package xcolor Info: Model `RGB' extended on input line 1364.
Package xcolor Info: Model `HTML' substituted by `rgb' on input line 1366.
Package xcolor Info: Model `Hsb' substituted by `hsb' on input line 1367.
Package xcolor Info: Model `tHsb' substituted by `hsb' on input line 1368.
Package xcolor Info: Model `HSB' substituted by `hsb' on input line 1369.
Package xcolor Info: Model `Gray' substituted by `gray' on input line 1370.
Package xcolor Info: Model `wave' substituted by `hsb' on input line 1371.
)
(/Users/raymondtremblay/Library/TinyTeX/texmf-dist/tex/latex/hyperref/hyperref.
sty
Package: hyperref 2020-05-15 v7.00e Hypertext links for LaTeX

(/Users/raymondtremblay/Library/TinyTeX/texmf-dist/tex/generic/ltxcmds/ltxcmds.
sty
Package: ltxcmds 2019/12/15 v1.24 LaTeX kernel commands for general use (HO)
)
(/Users/raymondtremblay/Library/TinyTeX/texmf-dist/tex/generic/pdftexcmds/pdfte
xcmds.sty
Package: pdftexcmds 2020-06-27 v0.33 Utility functions of pdfTeX for LuaTeX (HO
)

(/Users/raymondtremblay/Library/TinyTeX/texmf-dist/tex/generic/infwarerr/infwar
err.sty
Package: infwarerr 2019/12/03 v1.5 Providing info/warning/error messages (HO)
)
Package pdftexcmds Info: \pdf@primitive is available.
Package pdftexcmds Info: \pdf@ifprimitive is available.
Package pdftexcmds Info: \pdfdraftmode found.
)
(/Users/raymondtremblay/Library/TinyTeX/texmf-dist/tex/latex/graphics/keyval.st
y
Package: keyval 2014/10/28 v1.15 key=value parser (DPC)
\KV@toks@=\toks22
)
(/Users/raymondtremblay/Library/TinyTeX/texmf-dist/tex/generic/kvsetkeys/kvsetk
eys.sty
Package: kvsetkeys 2019/12/15 v1.18 Key value parser (HO)
)
(/Users/raymondtremblay/Library/TinyTeX/texmf-dist/tex/generic/kvdefinekeys/kvd
efinekeys.sty
Package: kvdefinekeys 2019-12-19 v1.6 Define keys (HO)
)
(/Users/raymondtremblay/Library/TinyTeX/texmf-dist/tex/generic/pdfescape/pdfesc
ape.sty
Package: pdfescape 2019/12/09 v1.15 Implements pdfTeX's escape features (HO)
)
(/Users/raymondtremblay/Library/TinyTeX/texmf-dist/tex/latex/hycolor/hycolor.st
y
Package: hycolor 2020-01-27 v1.10 Color options for hyperref/bookmark (HO)
)
(/Users/raymondtremblay/Library/TinyTeX/texmf-dist/tex/latex/letltxmacro/letltx
macro.sty
Package: letltxmacro 2019/12/03 v1.6 Let assignment for LaTeX macros (HO)
)
(/Users/raymondtremblay/Library/TinyTeX/texmf-dist/tex/latex/auxhook/auxhook.st
y
Package: auxhook 2019-12-17 v1.6 Hooks for auxiliary files (HO)
)
(/Users/raymondtremblay/Library/TinyTeX/texmf-dist/tex/latex/kvoptions/kvoption
s.sty
Package: kvoptions 2019/11/29 v3.13 Key value format for package options (HO)
)
\@linkdim=\dimen144
\Hy@linkcounter=\count188
\Hy@pagecounter=\count189

(/Users/raymondtremblay/Library/TinyTeX/texmf-dist/tex/latex/hyperref/pd1enc.de
f
File: pd1enc.def 2020-05-15 v7.00e Hyperref: PDFDocEncoding definition (HO)
Now handling font encoding PD1 ...
... no UTF-8 mapping file for font encoding PD1
)
(/Users/raymondtremblay/Library/TinyTeX/texmf-dist/tex/generic/intcalc/intcalc.
sty
Package: intcalc 2019/12/15 v1.3 Expandable calculations with integers (HO)
)
(/Users/raymondtremblay/Library/TinyTeX/texmf-dist/tex/generic/etexcmds/etexcmd
s.sty
Package: etexcmds 2019/12/15 v1.7 Avoid name clashes with e-TeX commands (HO)
)
\Hy@SavedSpaceFactor=\count190
Package hyperref Info: Option `unicode' set `true' on input line 4338.

(/Users/raymondtremblay/Library/TinyTeX/texmf-dist/tex/latex/hyperref/puenc.def
File: puenc.def 2020-05-15 v7.00e Hyperref: PDF Unicode definition (HO)
Now handling font encoding PU ...
... no UTF-8 mapping file for font encoding PU
)
Package hyperref Info: Hyper figures OFF on input line 4464.
Package hyperref Info: Link nesting OFF on input line 4469.
Package hyperref Info: Hyper index ON on input line 4472.
Package hyperref Info: Plain pages OFF on input line 4479.
Package hyperref Info: Backreferencing OFF on input line 4484.
Package hyperref Info: Implicit mode ON; LaTeX internals redefined.
Package hyperref Info: Bookmarks ON on input line 4717.
\c@Hy@tempcnt=\count191
(/Users/raymondtremblay/Library/TinyTeX/texmf-dist/tex/latex/url/url.sty
\Urlmuskip=\muskip17
Package: url 2013/09/16  ver 3.4  Verb mode for urls, etc.
)
LaTeX Info: Redefining \url on input line 5076.
\XeTeXLinkMargin=\dimen145

(/Users/raymondtremblay/Library/TinyTeX/texmf-dist/tex/generic/bitset/bitset.st
y
Package: bitset 2019/12/09 v1.3 Handle bit-vector datatype (HO)

(/Users/raymondtremblay/Library/TinyTeX/texmf-dist/tex/generic/bigintcalc/bigin
tcalc.sty
Package: bigintcalc 2019/12/15 v1.5 Expandable calculations on big integers (HO
)
))
\Fld@menulength=\count192
\Field@Width=\dimen146
\Fld@charsize=\dimen147
Package hyperref Info: Hyper figures OFF on input line 6347.
Package hyperref Info: Link nesting OFF on input line 6352.
Package hyperref Info: Hyper index ON on input line 6355.
Package hyperref Info: backreferencing OFF on input line 6362.
Package hyperref Info: Link coloring OFF on input line 6367.
Package hyperref Info: Link coloring with OCG OFF on input line 6372.
Package hyperref Info: PDF/A mode OFF on input line 6377.
LaTeX Info: Redefining \ref on input line 6417.
LaTeX Info: Redefining \pageref on input line 6421.

(/Users/raymondtremblay/Library/TinyTeX/texmf-dist/tex/generic/atbegshi/atbegsh
i.sty
Package: atbegshi 2019/12/05 v1.19 At begin shipout hook (HO)
)
\Hy@abspage=\count193
\c@Item=\count194
\c@Hfootnote=\count195
)
Package hyperref Info: Driver (autodetected): hpdftex.

(/Users/raymondtremblay/Library/TinyTeX/texmf-dist/tex/latex/hyperref/hpdftex.d
ef
File: hpdftex.def 2020-05-15 v7.00e Hyperref driver for pdfTeX

(/Users/raymondtremblay/Library/TinyTeX/texmf-dist/tex/latex/atveryend/atveryen
d.sty
Package: atveryend 2019-12-11 v1.11 Hooks at the very end of document (HO)
Package atveryend Info: \enddocument detected (standard20110627).
)
\Fld@listcount=\count196
\c@bookmark@seq@number=\count197

(/Users/raymondtremblay/Library/TinyTeX/texmf-dist/tex/latex/rerunfilecheck/rer
unfilecheck.sty
Package: rerunfilecheck 2019/12/05 v1.9 Rerun checks for auxiliary files (HO)

(/Users/raymondtremblay/Library/TinyTeX/texmf-dist/tex/generic/uniquecounter/un
iquecounter.sty
Package: uniquecounter 2019/12/15 v1.4 Provide unlimited unique counter (HO)
)
Package uniquecounter Info: New unique counter `rerunfilecheck' on input line 2
86.
)
\Hy@SectionHShift=\skip52
)
(/Users/raymondtremblay/Library/TinyTeX/texmf-dist/tex/latex/geometry/geometry.
sty
Package: geometry 2020/01/02 v5.9 Page Geometry

(/Users/raymondtremblay/Library/TinyTeX/texmf-dist/tex/generic/iftex/ifvtex.sty
Package: ifvtex 2019/10/25 v1.7 ifvtex legacy package. Use iftex instead.
)
\Gm@cnth=\count198
\Gm@cntv=\count199
\c@Gm@tempcnt=\count266
\Gm@bindingoffset=\dimen148
\Gm@wd@mp=\dimen149
\Gm@odd@mp=\dimen150
\Gm@even@mp=\dimen151
\Gm@layoutwidth=\dimen152
\Gm@layoutheight=\dimen153
\Gm@layouthoffset=\dimen154
\Gm@layoutvoffset=\dimen155
\Gm@dimlist=\toks23
)
(/Users/raymondtremblay/Library/TinyTeX/texmf-dist/tex/latex/graphics/graphicx.
sty
Package: graphicx 2019/11/30 v1.2a Enhanced LaTeX Graphics (DPC,SPQR)

(/Users/raymondtremblay/Library/TinyTeX/texmf-dist/tex/latex/graphics/graphics.
sty
Package: graphics 2019/11/30 v1.4a Standard LaTeX Graphics (DPC,SPQR)
(/Users/raymondtremblay/Library/TinyTeX/texmf-dist/tex/latex/graphics/trig.sty
Package: trig 2016/01/03 v1.10 sin cos tan (DPC)
)
(/Users/raymondtremblay/Library/TinyTeX/texmf-dist/tex/latex/graphics-cfg/graph
ics.cfg
File: graphics.cfg 2016/06/04 v1.11 sample graphics configuration
)
Package graphics Info: Driver file: pdftex.def on input line 105.
)
\Gin@req@height=\dimen156
\Gin@req@width=\dimen157
)
(/Users/raymondtremblay/Library/TinyTeX/texmf-dist/tex/latex/l3backend/l3backen
d-pdfmode.def
File: l3backend-pdfmode.def 2020-08-07 L3 backend support: PDF mode
\l__kernel_color_stack_int=\count267
\l__pdf_internal_box=\box47
) (./LECTURE14.aux)
\openout1 = `LECTURE14.aux'.

LaTeX Font Info:    Checking defaults for OML/cmm/m/it on input line 70.
LaTeX Font Info:    ... okay on input line 70.
LaTeX Font Info:    Checking defaults for OMS/cmsy/m/n on input line 70.
LaTeX Font Info:    ... okay on input line 70.
LaTeX Font Info:    Checking defaults for OT1/cmr/m/n on input line 70.
LaTeX Font Info:    ... okay on input line 70.
LaTeX Font Info:    Checking defaults for T1/cmr/m/n on input line 70.
LaTeX Font Info:    ... okay on input line 70.
LaTeX Font Info:    Checking defaults for TS1/cmr/m/n on input line 70.
LaTeX Font Info:    ... okay on input line 70.
LaTeX Font Info:    Checking defaults for OMX/cmex/m/n on input line 70.
LaTeX Font Info:    ... okay on input line 70.
LaTeX Font Info:    Checking defaults for U/cmr/m/n on input line 70.
LaTeX Font Info:    ... okay on input line 70.
LaTeX Font Info:    Checking defaults for PD1/pdf/m/n on input line 70.
LaTeX Font Info:    ... okay on input line 70.
LaTeX Font Info:    Checking defaults for PU/pdf/m/n on input line 70.
LaTeX Font Info:    ... okay on input line 70.

(/Users/raymondtremblay/Library/TinyTeX/texmf-dist/tex/latex/epstopdf-pkg/epsto
pdf-base.sty
Package: epstopdf-base 2020-01-24 v2.11 Base part for package epstopdf
Package epstopdf-base Info: Redefining graphics rule for `.eps' on input line 4
85.

(/Users/raymondtremblay/Library/TinyTeX/texmf-dist/tex/latex/latexconfig/epstop
df-sys.cfg
File: epstopdf-sys.cfg 2010/07/13 v1.3 Configuration of (r)epstopdf for TeX Liv
e
))
\AtBeginShipoutBox=\box48
Package hyperref Info: Link coloring OFF on input line 70.

(/Users/raymondtremblay/Library/TinyTeX/texmf-dist/tex/latex/hyperref/nameref.s
ty
Package: nameref 2019/09/16 v2.46 Cross-referencing by name of section

(/Users/raymondtremblay/Library/TinyTeX/texmf-dist/tex/latex/refcount/refcount.
sty
Package: refcount 2019/12/15 v3.6 Data extraction from label references (HO)
)
(/Users/raymondtremblay/Library/TinyTeX/texmf-dist/tex/generic/gettitlestring/g
ettitlestring.sty
Package: gettitlestring 2019/12/15 v1.6 Cleanup title references (HO)
)
\c@section@level=\count268
)
LaTeX Info: Redefining \ref on input line 70.
LaTeX Info: Redefining \pageref on input line 70.
LaTeX Info: Redefining \nameref on input line 70.
(./LECTURE14.out) (./LECTURE14.out)
\@outlinefile=\write3
\openout3 = `LECTURE14.out'.

*geometry* driver: auto-detecting
*geometry* detected driver: pdftex
*geometry* verbose mode - [ preamble ] result:
* driver: pdftex
* paper: <default>
* layout: <same size as paper>
* layoutoffset:(h,v)=(0.0pt,0.0pt)
* modes: 
* h-part:(L,W,R)=(72.26999pt, 469.75502pt, 72.26999pt)
* v-part:(T,H,B)=(72.26999pt, 650.43001pt, 72.26999pt)
* \paperwidth=614.295pt
* \paperheight=794.96999pt
* \textwidth=469.75502pt
* \textheight=650.43001pt
* \oddsidemargin=0.0pt
* \evensidemargin=0.0pt
* \topmargin=-37.0pt
* \headheight=12.0pt
* \headsep=25.0pt
* \topskip=10.0pt
* \footskip=30.0pt
* \marginparwidth=65.0pt
* \marginparsep=11.0pt
* \columnsep=10.0pt
* \skip\footins=9.0pt plus 4.0pt minus 2.0pt
* \hoffset=0.0pt
* \voffset=0.0pt
* \mag=1000
* \@twocolumnfalse
* \@twosidefalse
* \@mparswitchfalse
* \@reversemarginfalse
* (1in=72.27pt=25.4mm, 1cm=28.453pt)

LaTeX Font Info:    Trying to load font information for OT1+lmr on input line 7
2.
(/Users/raymondtremblay/Library/TinyTeX/texmf-dist/tex/latex/lm/ot1lmr.fd
File: ot1lmr.fd 2009/10/30 v1.6 Font defs for Latin Modern
)
LaTeX Font Info:    Trying to load font information for OML+lmm on input line 7
2.
(/Users/raymondtremblay/Library/TinyTeX/texmf-dist/tex/latex/lm/omllmm.fd
File: omllmm.fd 2009/10/30 v1.6 Font defs for Latin Modern
)
LaTeX Font Info:    Trying to load font information for OMS+lmsy on input line 
72.
(/Users/raymondtremblay/Library/TinyTeX/texmf-dist/tex/latex/lm/omslmsy.fd
File: omslmsy.fd 2009/10/30 v1.6 Font defs for Latin Modern
)
LaTeX Font Info:    Trying to load font information for OMX+lmex on input line 
72.
(/Users/raymondtremblay/Library/TinyTeX/texmf-dist/tex/latex/lm/omxlmex.fd
File: omxlmex.fd 2009/10/30 v1.6 Font defs for Latin Modern
)
LaTeX Font Info:    External font `lmex10' loaded for size
(Font)              <12> on input line 72.
LaTeX Font Info:    External font `lmex10' loaded for size
(Font)              <8> on input line 72.
LaTeX Font Info:    External font `lmex10' loaded for size
(Font)              <6> on input line 72.
LaTeX Font Info:    Trying to load font information for U+msa on input line 72.

(/Users/raymondtremblay/Library/TinyTeX/texmf-dist/tex/latex/amsfonts/umsa.fd
File: umsa.fd 2013/01/14 v3.01 AMS symbols A
)
LaTeX Font Info:    Trying to load font information for U+msb on input line 72.

(/Users/raymondtremblay/Library/TinyTeX/texmf-dist/tex/latex/amsfonts/umsb.fd
File: umsb.fd 2013/01/14 v3.01 AMS symbols B
) (./LECTURE14.toc
LaTeX Font Info:    External font `lmex10' loaded for size
(Font)              <10> on input line 2.
LaTeX Font Info:    External font `lmex10' loaded for size
(Font)              <7> on input line 2.
LaTeX Font Info:    External font `lmex10' loaded for size
(Font)              <5> on input line 2.
)
\tf@toc=\write4
\openout4 = `LECTURE14.toc'.


Underfull \hbox (badness 1406) in paragraph at lines 80--80
[][]\T1/lmr/bx/n/14.4 Estudio de caso de PVA: mod-e-lando de la re-cu-peración 
el
 []

<figures/pdog_range1.jpg, id=79, 626.34pt x 391.2216pt>
File: figures/pdog_range1.jpg Graphic file (type jpg)
<use figures/pdog_range1.jpg>
Package pdftex.def Info: figures/pdog_range1.jpg  used on input line 84.
(pdftex.def)             Requested size: 469.77295pt x 293.42741pt.
LaTeX Font Info:    Trying to load font information for TS1+lmr on input line 9
4.
(/Users/raymondtremblay/Library/TinyTeX/texmf-dist/tex/latex/lm/ts1lmr.fd
File: ts1lmr.fd 2009/10/30 v1.6 Font defs for Latin Modern
)
<figures/ferret1.jpg, id=80, 639.89063pt x 252.945pt>
File: figures/ferret1.jpg Graphic file (type jpg)
<use figures/ferret1.jpg>
Package pdftex.def Info: figures/ferret1.jpg  used on input line 108.
(pdftex.def)             Requested size: 469.7623pt x 185.69427pt.
[1

{/Users/raymondtremblay/Library/TinyTeX/texmf-var/fonts/map/pdftex/updmap/pdfte
x.map}] [2 <./figures/pdog_range1.jpg> <./figures/ferret1.jpg>]
<figures/conata1.jpg, id=104, 491.8375pt x 250.9375pt>
File: figures/conata1.jpg Graphic file (type jpg)
<use figures/conata1.jpg>
Package pdftex.def Info: figures/conata1.jpg  used on input line 143.
(pdftex.def)             Requested size: 469.7721pt x 239.67963pt.
<figures/prairie_dogs3.jpg, id=105, 962.59625pt x 560.0925pt>
File: figures/prairie_dogs3.jpg Graphic file (type jpg)
<use figures/prairie_dogs3.jpg>
Package pdftex.def Info: figures/prairie_dogs3.jpg  used on input line 178.
(pdftex.def)             Requested size: 469.75217pt x 273.32816pt.
[3 <./figures/conata1.jpg>]
<figures/pdog_studyregion1.jpg, id=113, 698.28445pt x 439.8834pt>
File: figures/pdog_studyregion1.jpg Graphic file (type jpg)
<use figures/pdog_studyregion1.jpg>
Package pdftex.def Info: figures/pdog_studyregion1.jpg  used on input line 186.

(pdftex.def)             Requested size: 469.75539pt x 295.9218pt.
<figures/flea1.jpg, id=114, 115.632pt x 87.6876pt>
File: figures/flea1.jpg Graphic file (type jpg)
<use figures/flea1.jpg>
Package pdftex.def Info: figures/flea1.jpg  used on input line 190.
(pdftex.def)             Requested size: 115.637pt x 87.69139pt.
<figures/metamodel1.png, id=116, 514.5624pt x 357.4956pt>
File: figures/metamodel1.png Graphic file (type png)
<use figures/metamodel1.png>
Package pdftex.def Info: figures/metamodel1.png  used on input line 214.
(pdftex.def)             Requested size: 469.77573pt x 326.37976pt.
[4 <./figures/prairie_dogs3.jpg> <./figures/flea1.jpg>]
Overfull \vbox (11.81598pt too high) has occurred while \output is active []

[5 <./figures/pdog_studyregion1.jpg> <./figures/metamodel1.png>]
<figures/pdogres1.png, id=132, 457.39302pt x 419.385pt>
File: figures/pdogres1.png Graphic file (type png)
<use figures/pdogres1.png>
Package pdftex.def Info: figures/pdogres1.png  used on input line 234.
(pdftex.def)             Requested size: 457.39886pt x 419.39035pt.
<figures/ferretres1.png, id=133, 561.48232pt x 385.17528pt>
File: figures/ferretres1.png Graphic file (type png)
<use figures/ferretres1.png>
Package pdftex.def Info: figures/ferretres1.png  used on input line 241.
(pdftex.def)             Requested size: 469.75708pt x 322.25201pt.
[6 <./figures/pdogres1.png>]
<figures/linkedres1.png, id=141, 591.19229pt x 414.66394pt>
File: figures/linkedres1.png Graphic file (type png)
<use figures/linkedres1.png>
Package pdftex.def Info: figures/linkedres1.png  used on input line 247.
(pdftex.def)             Requested size: 469.75206pt x 329.48541pt.
[7 <./figures/ferretres1.png>]
<figures/oscillation1.png, id=149, 464.35551pt x 463.52483pt>
File: figures/oscillation1.png Graphic file (type png)
<use figures/oscillation1.png>
Package pdftex.def Info: figures/oscillation1.png  used on input line 270.
(pdftex.def)             Requested size: 464.36145pt x 463.53075pt.
[8 <./figures/linkedres1.png>]
<figures/oscillation2.jpg, id=158, 722.7pt x 542.025pt>
File: figures/oscillation2.jpg Graphic file (type jpg)
<use figures/oscillation2.jpg>
Package pdftex.def Info: figures/oscillation2.jpg  used on input line 278.
(pdftex.def)             Requested size: 469.76045pt x 352.32034pt.
[9 <./figures/oscillation1.png>]
<figures/rfresults1.png, id=164, 391.94606pt x 542.025pt>
File: figures/rfresults1.png Graphic file (type png)
<use figures/rfresults1.png>
Package pdftex.def Info: figures/rfresults1.png  used on input line 280.
(pdftex.def)             Requested size: 391.95107pt x 542.03194pt.
[10 <./figures/oscillation2.jpg>]
<figures/finalpdresults1.png, id=169, 375.804pt x 509.63733pt>
File: figures/finalpdresults1.png Graphic file (type png)
<use figures/finalpdresults1.png>
Package pdftex.def Info: figures/finalpdresults1.png  used on input line 282.
(pdftex.def)             Requested size: 375.8088pt x 509.64384pt.
[11 <./figures/rfresults1.png>] [12 <./figures/finalpdresults1.png>]
File: figures/pdog_studyregion1.jpg Graphic file (type jpg)
<use figures/pdog_studyregion1.jpg>
Package pdftex.def Info: figures/pdog_studyregion1.jpg  used on input line 318.

(pdftex.def)             Requested size: 469.75539pt x 295.9218pt.
[13]
<figures/s11.png, id=191, 289.08pt x 289.08pt>
File: figures/s11.png Graphic file (type png)
<use figures/s11.png>
Package pdftex.def Info: figures/s11.png  used on input line 363.
(pdftex.def)             Requested size: 289.09251pt x 289.09251pt.

LaTeX Warning: Command \~ invalid in math mode on input line 392.


LaTeX Warning: Command \' invalid in math mode on input line 392.

[14 <./figures/s11.png>]
<figures/pdsurv1.png, id=201, 313.6518pt x 197.0562pt>
File: figures/pdsurv1.png Graphic file (type png)
<use figures/pdsurv1.png>
Package pdftex.def Info: figures/pdsurv1.png  used on input line 450.
(pdftex.def)             Requested size: 313.66058pt x 197.06172pt.
LaTeX Font Info:    Trying to load font information for T1+lmtt on input line 4
73.
(/Users/raymondtremblay/Library/TinyTeX/texmf-dist/tex/latex/lm/t1lmtt.fd
File: t1lmtt.fd 2009/10/30 v1.6 Font defs for Latin Modern
) [15] [16 <./figures/pdsurv1.png>]
<figures/pdcor1.png, id=221, 416.30531pt x 415.5525pt>
File: figures/pdcor1.png Graphic file (type png)
<use figures/pdcor1.png>
Package pdftex.def Info: figures/pdcor1.png  used on input line 596.
(pdftex.def)             Requested size: 416.32333pt x 415.5705pt.
<figures/ferret2.jpg, id=222, 639.89063pt x 252.945pt>
File: figures/ferret2.jpg Graphic file (type jpg)
<use figures/ferret2.jpg>
Package pdftex.def Info: figures/ferret2.jpg  used on input line 608.
(pdftex.def)             Requested size: 469.7623pt x 185.69427pt.
[17] [18 <./figures/pdcor1.png>] [19 <./figures/ferret2.jpg>]
<figures/ferretplot1.png, id=251, 295.8252pt x 217.7736pt>
File: figures/ferretplot1.png Graphic file (type png)
<use figures/ferretplot1.png>
Package pdftex.def Info: figures/ferretplot1.png  used on input line 714.
(pdftex.def)             Requested size: 295.83348pt x 217.7797pt.
[20]
Package atveryend Info: Empty hook `BeforeClearDocument' on input line 791.
[21 <./figures/ferretplot1.png>]
Package atveryend Info: Empty hook `AfterLastShipout' on input line 791.
(./LECTURE14.aux)
Package atveryend Info: Executing hook `AtVeryEndDocument' on input line 791.
Package atveryend Info: Executing hook `AtEndAfterFileList' on input line 791.
Package rerunfilecheck Info: File `LECTURE14.out' has not changed.
(rerunfilecheck)             Checksum: 549042CD95139AA556A020AE99831539;4064.
Package atveryend Info: Empty hook `AtVeryVeryEnd' on input line 791.
 ) 
Here is how much of TeX's memory you used:
 10697 strings out of 482816
 155854 string characters out of 5953853
 402414 words of memory out of 5000000
 25784 multiletter control sequences out of 15000+600000
 589591 words of font info for 71 fonts, out of 8000000 for 9000
 14 hyphenation exceptions out of 8191
 43i,6n,37p,795b,462s stack positions out of 5000i,500n,10000p,200000b,80000s
{/Users/raymondtremblay/Library/TinyTeX/texmf-dist/fonts/enc/dvips/lm/lm-ec.e
nc}{/Users/raymondtremblay/Library/TinyTeX/texmf-dist/fonts/enc/dvips/lm/lm-rm.
enc}{/Users/raymondtremblay/Library/TinyTeX/texmf-dist/fonts/enc/dvips/lm/lm-ma
thit.enc}{/Users/raymondtremblay/Library/TinyTeX/texmf-dist/fonts/enc/dvips/lm/
lm-mathsy.enc}{/Users/raymondtremblay/Library/TinyTeX/texmf-dist/fonts/enc/dvip
s/lm/lm-ts1.enc}</Users/raymondtremblay/Library/TinyTeX/texmf-dist/fonts/type1/
public/lm/lmbx10.pfb></Users/raymondtremblay/Library/TinyTeX/texmf-dist/fonts/t
ype1/public/lm/lmbx12.pfb></Users/raymondtremblay/Library/TinyTeX/texmf-dist/fo
nts/type1/public/lm/lmbxi10.pfb></Users/raymondtremblay/Library/TinyTeX/texmf-d
ist/fonts/type1/public/lm/lmmi10.pfb></Users/raymondtremblay/Library/TinyTeX/te
xmf-dist/fonts/type1/public/lm/lmmi5.pfb></Users/raymondtremblay/Library/TinyTe
X/texmf-dist/fonts/type1/public/lm/lmmi7.pfb></Users/raymondtremblay/Library/Ti
nyTeX/texmf-dist/fonts/type1/public/lm/lmr10.pfb></Users/raymondtremblay/Librar
y/TinyTeX/texmf-dist/fonts/type1/public/lm/lmr12.pfb></Users/raymondtremblay/Li
brary/TinyTeX/texmf-dist/fonts/type1/public/lm/lmr17.pfb></Users/raymondtrembla
y/Library/TinyTeX/texmf-dist/fonts/type1/public/lm/lmr5.pfb></Users/raymondtrem
blay/Library/TinyTeX/texmf-dist/fonts/type1/public/lm/lmri10.pfb></Users/raymon
dtremblay/Library/TinyTeX/texmf-dist/fonts/type1/public/lm/lmsy10.pfb></Users/r
aymondtremblay/Library/TinyTeX/texmf-dist/fonts/type1/public/lm/lmsy5.pfb></Use
rs/raymondtremblay/Library/TinyTeX/texmf-dist/fonts/type1/public/lm/lmtt10.pfb>
Output written on LECTURE14.pdf (21 pages, 1498738 bytes).
PDF statistics:
 338 PDF objects out of 1000 (max. 8388607)
 270 compressed objects within 3 object streams
 83 named destinations out of 1000 (max. 500000)
 216 words of extra memory for PDF output out of 10000 (max. 10000000)

